#-----------------------------------------------------------
# Vivado v2020.2 (64-bit)
# SW Build 3064766 on Wed Nov 18 09:12:45 MST 2020
# IP Build 3064653 on Wed Nov 18 14:17:31 MST 2020
# Start of session at: Tue Mar 30 18:41:52 2021
# Process ID: 1196
# Current directory: C:/Documents/Labs/07-ffs/flip_flops
# Command line: vivado.exe -gui_launcher_event rodinguilauncherevent15516 C:\Documents\Labs\07-ffs\flip_flops\flip_flops.xpr
# Log file: C:/Documents/Labs/07-ffs/flip_flops/vivado.log
# Journal file: C:/Documents/Labs/07-ffs/flip_flops\vivado.jou
#-----------------------------------------------------------
start_gui
open_project C:/Documents/Labs/07-ffs/flip_flops/flip_flops.xpr
WARNING: [filemgmt 56-3] Default IP Output Path : Could not find the directory 'C:/Documents/Labs/07-ffs/flip_flops/flip_flops.gen/sources_1'.
Scanning sources...
Finished scanning sources
INFO: [IP_Flow 19-234] Refreshing IP repositories
INFO: [IP_Flow 19-1704] No user IP repositories specified
INFO: [IP_Flow 19-2313] Loaded Vivado IP repository 'C:/Xilinx/Vivado/2020.2/data/ip'.
update_compile_order -fileset sources_1
close [ open C:/Documents/Labs/07-ffs/flip_flops/flip_flops.srcs/sources_1/new/top.vhd w ]
add_files C:/Documents/Labs/07-ffs/flip_flops/flip_flops.srcs/sources_1/new/top.vhd
update_compile_order -fileset sources_1
file mkdir C:/Documents/Labs/07-ffs/flip_flops/flip_flops.srcs/constrs_1
file mkdir C:/Documents/Labs/07-ffs/flip_flops/flip_flops.srcs/constrs_1/new
close [ open C:/Documents/Labs/07-ffs/flip_flops/flip_flops.srcs/constrs_1/new/nexys-a7-50t.xdc w ]
add_files -fileset constrs_1 C:/Documents/Labs/07-ffs/flip_flops/flip_flops.srcs/constrs_1/new/nexys-a7-50t.xdc
