#-----------------------------------------------------------
# Vivado v2020.2 (64-bit)
# SW Build 3064766 on Wed Nov 18 09:12:45 MST 2020
# IP Build 3064653 on Wed Nov 18 14:17:31 MST 2020
# Start of session at: Tue Mar 30 17:03:58 2021
# Process ID: 920
# Current directory: C:/Documents/Labs/07-ffs/flip_flops
# Command line: vivado.exe -gui_launcher_event rodinguilauncherevent6500 C:\Documents\Labs\07-ffs\flip_flops\flip_flops.xpr
# Log file: C:/Documents/Labs/07-ffs/flip_flops/vivado.log
# Journal file: C:/Documents/Labs/07-ffs/flip_flops\vivado.jou
#-----------------------------------------------------------
start_gui
open_project C:/Documents/Labs/07-ffs/flip_flops/flip_flops.xpr
WARNING: [filemgmt 56-3] Default IP Output Path : Could not find the directory 'C:/Documents/Labs/07-ffs/flip_flops/flip_flops.gen/sources_1'.
Scanning sources...
Finished scanning sources
INFO: [IP_Flow 19-234] Refreshing IP repositories
INFO: [IP_Flow 19-1704] No user IP repositories specified
INFO: [IP_Flow 19-2313] Loaded Vivado IP repository 'C:/Xilinx/Vivado/2020.2/data/ip'.
update_compile_order -fileset sources_1
set_property top d_ff_arst [current_fileset]
update_compile_order -fileset sources_1
set_property top tb_d_ff_arst [get_filesets sim_1]
set_property top_lib xil_defaultlib [get_filesets sim_1]
update_compile_order -fileset sim_1
launch_simulation
Command: launch_simulation 
INFO: [Vivado 12-5682] Launching behavioral simulation in 'C:/Documents/Labs/07-ffs/flip_flops/flip_flops.sim/sim_1/behav/xsim'
INFO: [SIM-utils-51] Simulation object is 'sim_1'
INFO: [SIM-utils-54] Inspecting design source files for 'tb_d_ff_arst' in fileset 'sim_1'...
INFO: [USF-XSim-97] Finding global include files...
INFO: [USF-XSim-98] Fetching design files from 'sim_1'...
INFO: [USF-XSim-2] XSim::Compile design
INFO: [USF-XSim-61] Executing 'COMPILE and ANALYZE' step in 'C:/Documents/Labs/07-ffs/flip_flops/flip_flops.sim/sim_1/behav/xsim'
"xvhdl --incr --relax -prj tb_d_ff_arst_vhdl.prj"
INFO: [VRFC 10-163] Analyzing VHDL file "C:/Documents/Labs/07-ffs/flip_flops/flip_flops.srcs/sources_1/new/tb_d_ff_arst.vhd" into library xil_defaultlib
INFO: [VRFC 10-3107] analyzing entity 'tb_d_ff_arst'
INFO: [USF-XSim-69] 'compile' step finished in '1' seconds
INFO: [USF-XSim-3] XSim::Elaborate design
INFO: [USF-XSim-61] Executing 'ELABORATE' step in 'C:/Documents/Labs/07-ffs/flip_flops/flip_flops.sim/sim_1/behav/xsim'
"xelab -wto 2c6da18b59dd40a685da67fd480903c4 --incr --debug typical --relax --mt 2 -L xil_defaultlib -L secureip --snapshot tb_d_ff_arst_behav xil_defaultlib.tb_d_ff_arst -log elaborate.log"
Vivado Simulator 2020.2
Copyright 1986-1999, 2001-2020 Xilinx, Inc. All Rights Reserved.
Running: C:/Xilinx/Vivado/2020.2/bin/unwrapped/win64.o/xelab.exe -wto 2c6da18b59dd40a685da67fd480903c4 --incr --debug typical --relax --mt 2 -L xil_defaultlib -L secureip --snapshot tb_d_ff_arst_behav xil_defaultlib.tb_d_ff_arst -log elaborate.log 
Using 2 slave threads.
Starting static elaboration
Completed static elaboration
Starting simulation data flow analysis
Completed simulation data flow analysis
Time Resolution for simulation is 1ps
Compiling package std.standard
Compiling package std.textio
Compiling package ieee.std_logic_1164
Compiling architecture behavioral of entity xil_defaultlib.d_ff_arst [d_ff_arst_default]
Compiling architecture behavioral of entity xil_defaultlib.tb_d_ff_arst
Built simulation snapshot tb_d_ff_arst_behav
INFO: [USF-XSim-69] 'elaborate' step finished in '1' seconds
INFO: [USF-XSim-4] XSim::Simulate design
INFO: [USF-XSim-61] Executing 'SIMULATE' step in 'C:/Documents/Labs/07-ffs/flip_flops/flip_flops.sim/sim_1/behav/xsim'
INFO: [USF-XSim-98] *** Running xsim
   with args "tb_d_ff_arst_behav -key {Behavioral:sim_1:Functional:tb_d_ff_arst} -tclbatch {tb_d_ff_arst.tcl} -view {C:/Documents/Labs/07-ffs/flip_flops/tb_d_latch_behav.wcfg} -log {simulate.log}"
INFO: [USF-XSim-8] Loading simulator feature
Vivado Simulator 2020.2
Time resolution is 1 ps
open_wave_config C:/Documents/Labs/07-ffs/flip_flops/tb_d_latch_behav.wcfg
WARNING: Simulation object /tb_d_latch/s_clk was not found in the design.
WARNING: Simulation object /tb_d_latch/s_arst was not found in the design.
WARNING: Simulation object /tb_d_latch/s_d was not found in the design.
WARNING: Simulation object /tb_d_latch/s_q was not found in the design.
WARNING: Simulation object /tb_d_latch/s_q_bar was not found in the design.
source tb_d_ff_arst.tcl
# set curr_wave [current_wave_config]
# if { [string length $curr_wave] == 0 } {
#   if { [llength [get_objects]] > 0} {
#     add_wave /
#     set_property needs_save false [current_wave_config]
#   } else {
#      send_msg_id Add_Wave-1 WARNING "No top level signals found. Simulator will start without a wave window. If you want to open a wave window go to 'File->New Waveform Configuration' or type 'create_wave_config' in the TCL console."
#   }
# }
# run 1000ns
Note: Stimulus process started
Time: 0 ps  Iteration: 0  Process: /tb_d_ff_arst/p_stimulus  File: C:/Documents/Labs/07-ffs/flip_flops/flip_flops.srcs/sources_1/new/tb_d_ff_arst.vhd
Note: Stimulus process finished
Time: 260 ns  Iteration: 0  Process: /tb_d_ff_arst/p_stimulus  File: C:/Documents/Labs/07-ffs/flip_flops/flip_flops.srcs/sources_1/new/tb_d_ff_arst.vhd
INFO: [USF-XSim-96] XSim completed. Design snapshot 'tb_d_ff_arst_behav' loaded.
INFO: [USF-XSim-97] XSim simulation ran for 1000ns
save_wave_config {C:/Documents/Labs/07-ffs/flip_flops/tb_d_latch_behav.wcfg}
close_sim
INFO: [Simtcl 6-16] Simulation closed
launch_simulation
Command: launch_simulation 
INFO: [Vivado 12-5682] Launching behavioral simulation in 'C:/Documents/Labs/07-ffs/flip_flops/flip_flops.sim/sim_1/behav/xsim'
INFO: [SIM-utils-51] Simulation object is 'sim_1'
INFO: [SIM-utils-54] Inspecting design source files for 'tb_d_ff_arst' in fileset 'sim_1'...
INFO: [USF-XSim-97] Finding global include files...
INFO: [USF-XSim-98] Fetching design files from 'sim_1'...
INFO: [USF-XSim-2] XSim::Compile design
INFO: [USF-XSim-61] Executing 'COMPILE and ANALYZE' step in 'C:/Documents/Labs/07-ffs/flip_flops/flip_flops.sim/sim_1/behav/xsim'
"xvhdl --incr --relax -prj tb_d_ff_arst_vhdl.prj"
INFO: [USF-XSim-69] 'compile' step finished in '1' seconds
INFO: [USF-XSim-3] XSim::Elaborate design
INFO: [USF-XSim-61] Executing 'ELABORATE' step in 'C:/Documents/Labs/07-ffs/flip_flops/flip_flops.sim/sim_1/behav/xsim'
"xelab -wto 2c6da18b59dd40a685da67fd480903c4 --incr --debug typical --relax --mt 2 -L xil_defaultlib -L secureip --snapshot tb_d_ff_arst_behav xil_defaultlib.tb_d_ff_arst -log elaborate.log"
Vivado Simulator 2020.2
Copyright 1986-1999, 2001-2020 Xilinx, Inc. All Rights Reserved.
Running: C:/Xilinx/Vivado/2020.2/bin/unwrapped/win64.o/xelab.exe -wto 2c6da18b59dd40a685da67fd480903c4 --incr --debug typical --relax --mt 2 -L xil_defaultlib -L secureip --snapshot tb_d_ff_arst_behav xil_defaultlib.tb_d_ff_arst -log elaborate.log 
Using 2 slave threads.
Starting static elaboration
Completed static elaboration
INFO: [XSIM 43-4323] No Change in HDL. Linking previously generated obj files to create kernel
INFO: [USF-XSim-69] 'elaborate' step finished in '1' seconds
INFO: [USF-XSim-4] XSim::Simulate design
INFO: [USF-XSim-61] Executing 'SIMULATE' step in 'C:/Documents/Labs/07-ffs/flip_flops/flip_flops.sim/sim_1/behav/xsim'
INFO: [USF-XSim-98] *** Running xsim
   with args "tb_d_ff_arst_behav -key {Behavioral:sim_1:Functional:tb_d_ff_arst} -tclbatch {tb_d_ff_arst.tcl} -view {C:/Documents/Labs/07-ffs/flip_flops/tb_d_latch_behav.wcfg} -log {simulate.log}"
INFO: [USF-XSim-8] Loading simulator feature
Vivado Simulator 2020.2
Time resolution is 1 ps
open_wave_config C:/Documents/Labs/07-ffs/flip_flops/tb_d_latch_behav.wcfg
source tb_d_ff_arst.tcl
# set curr_wave [current_wave_config]
# if { [string length $curr_wave] == 0 } {
#   if { [llength [get_objects]] > 0} {
#     add_wave /
#     set_property needs_save false [current_wave_config]
#   } else {
#      send_msg_id Add_Wave-1 WARNING "No top level signals found. Simulator will start without a wave window. If you want to open a wave window go to 'File->New Waveform Configuration' or type 'create_wave_config' in the TCL console."
#   }
# }
# run 1000ns
Note: Stimulus process started
Time: 0 ps  Iteration: 0  Process: /tb_d_ff_arst/p_stimulus  File: C:/Documents/Labs/07-ffs/flip_flops/flip_flops.srcs/sources_1/new/tb_d_ff_arst.vhd
Note: Stimulus process finished
Time: 260 ns  Iteration: 0  Process: /tb_d_ff_arst/p_stimulus  File: C:/Documents/Labs/07-ffs/flip_flops/flip_flops.srcs/sources_1/new/tb_d_ff_arst.vhd
INFO: [USF-XSim-96] XSim completed. Design snapshot 'tb_d_ff_arst_behav' loaded.
INFO: [USF-XSim-97] XSim simulation ran for 1000ns
save_wave_config {C:/Documents/Labs/07-ffs/flip_flops/tb_d_latch_behav.wcfg}
close_sim
INFO: [Simtcl 6-16] Simulation closed
launch_simulation
Command: launch_simulation 
INFO: [Vivado 12-5682] Launching behavioral simulation in 'C:/Documents/Labs/07-ffs/flip_flops/flip_flops.sim/sim_1/behav/xsim'
INFO: [SIM-utils-51] Simulation object is 'sim_1'
INFO: [SIM-utils-54] Inspecting design source files for 'tb_d_ff_arst' in fileset 'sim_1'...
INFO: [USF-XSim-97] Finding global include files...
INFO: [USF-XSim-98] Fetching design files from 'sim_1'...
INFO: [USF-XSim-2] XSim::Compile design
INFO: [USF-XSim-61] Executing 'COMPILE and ANALYZE' step in 'C:/Documents/Labs/07-ffs/flip_flops/flip_flops.sim/sim_1/behav/xsim'
"xvhdl --incr --relax -prj tb_d_ff_arst_vhdl.prj"
INFO: [VRFC 10-163] Analyzing VHDL file "C:/Documents/Labs/07-ffs/flip_flops/flip_flops.srcs/sources_1/new/tb_d_ff_arst.vhd" into library xil_defaultlib
INFO: [VRFC 10-3107] analyzing entity 'tb_d_ff_arst'
INFO: [USF-XSim-69] 'compile' step finished in '1' seconds
INFO: [USF-XSim-3] XSim::Elaborate design
INFO: [USF-XSim-61] Executing 'ELABORATE' step in 'C:/Documents/Labs/07-ffs/flip_flops/flip_flops.sim/sim_1/behav/xsim'
"xelab -wto 2c6da18b59dd40a685da67fd480903c4 --incr --debug typical --relax --mt 2 -L xil_defaultlib -L secureip --snapshot tb_d_ff_arst_behav xil_defaultlib.tb_d_ff_arst -log elaborate.log"
Vivado Simulator 2020.2
Copyright 1986-1999, 2001-2020 Xilinx, Inc. All Rights Reserved.
Running: C:/Xilinx/Vivado/2020.2/bin/unwrapped/win64.o/xelab.exe -wto 2c6da18b59dd40a685da67fd480903c4 --incr --debug typical --relax --mt 2 -L xil_defaultlib -L secureip --snapshot tb_d_ff_arst_behav xil_defaultlib.tb_d_ff_arst -log elaborate.log 
Using 2 slave threads.
Starting static elaboration
Completed static elaboration
Starting simulation data flow analysis
Completed simulation data flow analysis
Time Resolution for simulation is 1ps
Compiling package std.standard
Compiling package std.textio
Compiling package ieee.std_logic_1164
Compiling architecture behavioral of entity xil_defaultlib.d_ff_arst [d_ff_arst_default]
Compiling architecture behavioral of entity xil_defaultlib.tb_d_ff_arst
Built simulation snapshot tb_d_ff_arst_behav
INFO: [USF-XSim-69] 'elaborate' step finished in '1' seconds
INFO: [USF-XSim-4] XSim::Simulate design
INFO: [USF-XSim-61] Executing 'SIMULATE' step in 'C:/Documents/Labs/07-ffs/flip_flops/flip_flops.sim/sim_1/behav/xsim'
INFO: [USF-XSim-98] *** Running xsim
   with args "tb_d_ff_arst_behav -key {Behavioral:sim_1:Functional:tb_d_ff_arst} -tclbatch {tb_d_ff_arst.tcl} -view {C:/Documents/Labs/07-ffs/flip_flops/tb_d_latch_behav.wcfg} -log {simulate.log}"
INFO: [USF-XSim-8] Loading simulator feature
Vivado Simulator 2020.2
Time resolution is 1 ps
open_wave_config C:/Documents/Labs/07-ffs/flip_flops/tb_d_latch_behav.wcfg
source tb_d_ff_arst.tcl
# set curr_wave [current_wave_config]
# if { [string length $curr_wave] == 0 } {
#   if { [llength [get_objects]] > 0} {
#     add_wave /
#     set_property needs_save false [current_wave_config]
#   } else {
#      send_msg_id Add_Wave-1 WARNING "No top level signals found. Simulator will start without a wave window. If you want to open a wave window go to 'File->New Waveform Configuration' or type 'create_wave_config' in the TCL console."
#   }
# }
# run 1000ns
Note: Stimulus process started
Time: 0 ps  Iteration: 0  Process: /tb_d_ff_arst/p_stimulus  File: C:/Documents/Labs/07-ffs/flip_flops/flip_flops.srcs/sources_1/new/tb_d_ff_arst.vhd
Note: Stimulus process finished
Time: 340 ns  Iteration: 0  Process: /tb_d_ff_arst/p_stimulus  File: C:/Documents/Labs/07-ffs/flip_flops/flip_flops.srcs/sources_1/new/tb_d_ff_arst.vhd
INFO: [USF-XSim-96] XSim completed. Design snapshot 'tb_d_ff_arst_behav' loaded.
INFO: [USF-XSim-97] XSim simulation ran for 1000ns
set_property -name {xsim.simulate.runtime} -value {400ns} -objects [get_filesets sim_1]
WARNING: [filemgmt 56-199] Attempt to get parsing info during refresh. "On-the-fly" syntax checking information may be incorrect. [C:\Documents\Labs\07-ffs\flip_flops\flip_flops.srcs\sources_1\new\d_ff_arst.vhd:]
WARNING: [filemgmt 56-199] Attempt to get parsing info during refresh. "On-the-fly" syntax checking information may be incorrect. [C:\Documents\Labs\07-ffs\flip_flops\flip_flops.srcs\sources_1\new\tb_d_ff_arst.vhd:]
ERROR: [Common 17-180] Spawn failed: No error
close_sim
INFO: [Simtcl 6-16] Simulation closed
launch_simulation
Command: launch_simulation 
INFO: [Vivado 12-5682] Launching behavioral simulation in 'C:/Documents/Labs/07-ffs/flip_flops/flip_flops.sim/sim_1/behav/xsim'
INFO: [SIM-utils-51] Simulation object is 'sim_1'
INFO: [SIM-utils-54] Inspecting design source files for 'tb_d_ff_arst' in fileset 'sim_1'...
INFO: [USF-XSim-97] Finding global include files...
INFO: [USF-XSim-98] Fetching design files from 'sim_1'...
INFO: [USF-XSim-2] XSim::Compile design
INFO: [USF-XSim-61] Executing 'COMPILE and ANALYZE' step in 'C:/Documents/Labs/07-ffs/flip_flops/flip_flops.sim/sim_1/behav/xsim'
"xvhdl --incr --relax -prj tb_d_ff_arst_vhdl.prj"
INFO: [USF-XSim-69] 'compile' step finished in '1' seconds
INFO: [USF-XSim-3] XSim::Elaborate design
INFO: [USF-XSim-61] Executing 'ELABORATE' step in 'C:/Documents/Labs/07-ffs/flip_flops/flip_flops.sim/sim_1/behav/xsim'
"xelab -wto 2c6da18b59dd40a685da67fd480903c4 --incr --debug typical --relax --mt 2 -L xil_defaultlib -L secureip --snapshot tb_d_ff_arst_behav xil_defaultlib.tb_d_ff_arst -log elaborate.log"
Vivado Simulator 2020.2
Copyright 1986-1999, 2001-2020 Xilinx, Inc. All Rights Reserved.
Running: C:/Xilinx/Vivado/2020.2/bin/unwrapped/win64.o/xelab.exe -wto 2c6da18b59dd40a685da67fd480903c4 --incr --debug typical --relax --mt 2 -L xil_defaultlib -L secureip --snapshot tb_d_ff_arst_behav xil_defaultlib.tb_d_ff_arst -log elaborate.log 
Using 2 slave threads.
Starting static elaboration
Completed static elaboration
INFO: [XSIM 43-4323] No Change in HDL. Linking previously generated obj files to create kernel
INFO: [USF-XSim-69] 'elaborate' step finished in '1' seconds
INFO: [USF-XSim-4] XSim::Simulate design
INFO: [USF-XSim-61] Executing 'SIMULATE' step in 'C:/Documents/Labs/07-ffs/flip_flops/flip_flops.sim/sim_1/behav/xsim'
INFO: [USF-XSim-98] *** Running xsim
   with args "tb_d_ff_arst_behav -key {Behavioral:sim_1:Functional:tb_d_ff_arst} -tclbatch {tb_d_ff_arst.tcl} -view {C:/Documents/Labs/07-ffs/flip_flops/tb_d_latch_behav.wcfg} -log {simulate.log}"
INFO: [USF-XSim-8] Loading simulator feature
Vivado Simulator 2020.2
Time resolution is 1 ps
open_wave_config C:/Documents/Labs/07-ffs/flip_flops/tb_d_latch_behav.wcfg
source tb_d_ff_arst.tcl
# set curr_wave [current_wave_config]
# if { [string length $curr_wave] == 0 } {
#   if { [llength [get_objects]] > 0} {
#     add_wave /
#     set_property needs_save false [current_wave_config]
#   } else {
#      send_msg_id Add_Wave-1 WARNING "No top level signals found. Simulator will start without a wave window. If you want to open a wave window go to 'File->New Waveform Configuration' or type 'create_wave_config' in the TCL console."
#   }
# }
# run 400ns
Note: Stimulus process started
Time: 0 ps  Iteration: 0  Process: /tb_d_ff_arst/p_stimulus  File: C:/Documents/Labs/07-ffs/flip_flops/flip_flops.srcs/sources_1/new/tb_d_ff_arst.vhd
Note: Stimulus process finished
Time: 340 ns  Iteration: 0  Process: /tb_d_ff_arst/p_stimulus  File: C:/Documents/Labs/07-ffs/flip_flops/flip_flops.srcs/sources_1/new/tb_d_ff_arst.vhd
INFO: [USF-XSim-96] XSim completed. Design snapshot 'tb_d_ff_arst_behav' loaded.
INFO: [USF-XSim-97] XSim simulation ran for 400ns
save_wave_config {C:/Documents/Labs/07-ffs/flip_flops/tb_d_latch_behav.wcfg}
close_sim
INFO: [Simtcl 6-16] Simulation closed
close [ open C:/Documents/Labs/07-ffs/flip_flops/flip_flops.srcs/sources_1/new/tb_d_ff_rst.vhd w ]
add_files C:/Documents/Labs/07-ffs/flip_flops/flip_flops.srcs/sources_1/new/tb_d_ff_rst.vhd
update_compile_order -fileset sources_1
set_property top tb_d_ff_rst [current_fileset]
set_property top tb_d_ff_rst [get_filesets sim_1]
set_property top_lib xil_defaultlib [get_filesets sim_1]
update_compile_order -fileset sources_1
update_compile_order -fileset sim_1
launch_simulation
Command: launch_simulation 
INFO: [Vivado 12-5682] Launching behavioral simulation in 'C:/Documents/Labs/07-ffs/flip_flops/flip_flops.sim/sim_1/behav/xsim'
INFO: [SIM-utils-51] Simulation object is 'sim_1'
INFO: [SIM-utils-54] Inspecting design source files for 'tb_d_ff_rst' in fileset 'sim_1'...
INFO: [USF-XSim-97] Finding global include files...
INFO: [USF-XSim-98] Fetching design files from 'sim_1'...
INFO: [USF-XSim-2] XSim::Compile design
INFO: [USF-XSim-61] Executing 'COMPILE and ANALYZE' step in 'C:/Documents/Labs/07-ffs/flip_flops/flip_flops.sim/sim_1/behav/xsim'
"xvhdl --incr --relax -prj tb_d_ff_rst_vhdl.prj"
INFO: [VRFC 10-163] Analyzing VHDL file "C:/Documents/Labs/07-ffs/flip_flops/flip_flops.srcs/sources_1/new/d_ff_rst.vhd" into library xil_defaultlib
INFO: [VRFC 10-3107] analyzing entity 'd_ff_rst'
INFO: [VRFC 10-163] Analyzing VHDL file "C:/Documents/Labs/07-ffs/flip_flops/flip_flops.srcs/sources_1/new/tb_d_ff_rst.vhd" into library xil_defaultlib
INFO: [VRFC 10-3107] analyzing entity 'tb_d_ff_rst'
INFO: [USF-XSim-69] 'compile' step finished in '1' seconds
INFO: [USF-XSim-3] XSim::Elaborate design
INFO: [USF-XSim-61] Executing 'ELABORATE' step in 'C:/Documents/Labs/07-ffs/flip_flops/flip_flops.sim/sim_1/behav/xsim'
"xelab -wto 2c6da18b59dd40a685da67fd480903c4 --incr --debug typical --relax --mt 2 -L xil_defaultlib -L secureip --snapshot tb_d_ff_rst_behav xil_defaultlib.tb_d_ff_rst -log elaborate.log"
Vivado Simulator 2020.2
Copyright 1986-1999, 2001-2020 Xilinx, Inc. All Rights Reserved.
Running: C:/Xilinx/Vivado/2020.2/bin/unwrapped/win64.o/xelab.exe -wto 2c6da18b59dd40a685da67fd480903c4 --incr --debug typical --relax --mt 2 -L xil_defaultlib -L secureip --snapshot tb_d_ff_rst_behav xil_defaultlib.tb_d_ff_rst -log elaborate.log 
Using 2 slave threads.
Starting static elaboration
Completed static elaboration
Starting simulation data flow analysis
Completed simulation data flow analysis
Time Resolution for simulation is 1ps
Compiling package std.standard
Compiling package std.textio
Compiling package ieee.std_logic_1164
Compiling architecture behavioral of entity xil_defaultlib.d_ff_rst [d_ff_rst_default]
Compiling architecture behavioral of entity xil_defaultlib.tb_d_ff_rst
Built simulation snapshot tb_d_ff_rst_behav

****** Webtalk v2020.2 (64-bit)
  **** SW Build 3064766 on Wed Nov 18 09:12:45 MST 2020
  **** IP Build 3064653 on Wed Nov 18 14:17:31 MST 2020
    ** Copyright 1986-2020 Xilinx, Inc. All Rights Reserved.

source C:/Documents/Labs/07-ffs/flip_flops/flip_flops.sim/sim_1/behav/xsim/xsim.dir/tb_d_ff_rst_behav/webtalk/xsim_webtalk.tcl -notrace
INFO: [Common 17-186] 'C:/Documents/Labs/07-ffs/flip_flops/flip_flops.sim/sim_1/behav/xsim/xsim.dir/tb_d_ff_rst_behav/webtalk/usage_statistics_ext_xsim.xml' has been successfully sent to Xilinx on Tue Mar 30 17:21:55 2021. For additional details about this file, please refer to the WebTalk help file at C:/Xilinx/Vivado/2020.2/doc/webtalk_introduction.html.
INFO: [Common 17-206] Exiting Webtalk at Tue Mar 30 17:21:55 2021...
run_program: Time (s): cpu = 00:00:01 ; elapsed = 00:00:05 . Memory (MB): peak = 1194.438 ; gain = 0.000
INFO: [USF-XSim-69] 'elaborate' step finished in '6' seconds
INFO: [USF-XSim-4] XSim::Simulate design
INFO: [USF-XSim-61] Executing 'SIMULATE' step in 'C:/Documents/Labs/07-ffs/flip_flops/flip_flops.sim/sim_1/behav/xsim'
INFO: [USF-XSim-98] *** Running xsim
   with args "tb_d_ff_rst_behav -key {Behavioral:sim_1:Functional:tb_d_ff_rst} -tclbatch {tb_d_ff_rst.tcl} -view {C:/Documents/Labs/07-ffs/flip_flops/tb_d_latch_behav.wcfg} -log {simulate.log}"
INFO: [USF-XSim-8] Loading simulator feature
Vivado Simulator 2020.2
Time resolution is 1 ps
open_wave_config C:/Documents/Labs/07-ffs/flip_flops/tb_d_latch_behav.wcfg
WARNING: Simulation object /tb_d_ff_arst/s_clk_100MHz was not found in the design.
WARNING: Simulation object /tb_d_ff_arst/s_arst was not found in the design.
WARNING: Simulation object /tb_d_ff_arst/s_d was not found in the design.
WARNING: Simulation object /tb_d_ff_arst/s_q was not found in the design.
WARNING: Simulation object /tb_d_ff_arst/s_q_bar was not found in the design.
source tb_d_ff_rst.tcl
# set curr_wave [current_wave_config]
# if { [string length $curr_wave] == 0 } {
#   if { [llength [get_objects]] > 0} {
#     add_wave /
#     set_property needs_save false [current_wave_config]
#   } else {
#      send_msg_id Add_Wave-1 WARNING "No top level signals found. Simulator will start without a wave window. If you want to open a wave window go to 'File->New Waveform Configuration' or type 'create_wave_config' in the TCL console."
#   }
# }
# run 400ns
Note: Stimulus process started
Time: 0 ps  Iteration: 0  Process: /tb_d_ff_rst/p_stimulus  File: C:/Documents/Labs/07-ffs/flip_flops/flip_flops.srcs/sources_1/new/tb_d_ff_rst.vhd
Note: Stimulus process finished
Time: 340 ns  Iteration: 0  Process: /tb_d_ff_rst/p_stimulus  File: C:/Documents/Labs/07-ffs/flip_flops/flip_flops.srcs/sources_1/new/tb_d_ff_rst.vhd
INFO: [USF-XSim-96] XSim completed. Design snapshot 'tb_d_ff_rst_behav' loaded.
INFO: [USF-XSim-97] XSim simulation ran for 400ns
launch_simulation: Time (s): cpu = 00:00:02 ; elapsed = 00:00:08 . Memory (MB): peak = 1194.438 ; gain = 0.000
save_wave_config {C:/Documents/Labs/07-ffs/flip_flops/tb_d_latch_behav.wcfg}
close_sim
INFO: [Simtcl 6-16] Simulation closed
close_sim: Time (s): cpu = 00:00:00 ; elapsed = 00:00:05 . Memory (MB): peak = 1194.438 ; gain = 0.000
launch_simulation
Command: launch_simulation 
INFO: [Vivado 12-5682] Launching behavioral simulation in 'C:/Documents/Labs/07-ffs/flip_flops/flip_flops.sim/sim_1/behav/xsim'
INFO: [SIM-utils-51] Simulation object is 'sim_1'
INFO: [SIM-utils-54] Inspecting design source files for 'tb_d_ff_rst' in fileset 'sim_1'...
INFO: [USF-XSim-97] Finding global include files...
INFO: [USF-XSim-98] Fetching design files from 'sim_1'...
INFO: [USF-XSim-2] XSim::Compile design
INFO: [USF-XSim-61] Executing 'COMPILE and ANALYZE' step in 'C:/Documents/Labs/07-ffs/flip_flops/flip_flops.sim/sim_1/behav/xsim'
"xvhdl --incr --relax -prj tb_d_ff_rst_vhdl.prj"
INFO: [USF-XSim-69] 'compile' step finished in '1' seconds
INFO: [USF-XSim-3] XSim::Elaborate design
INFO: [USF-XSim-61] Executing 'ELABORATE' step in 'C:/Documents/Labs/07-ffs/flip_flops/flip_flops.sim/sim_1/behav/xsim'
"xelab -wto 2c6da18b59dd40a685da67fd480903c4 --incr --debug typical --relax --mt 2 -L xil_defaultlib -L secureip --snapshot tb_d_ff_rst_behav xil_defaultlib.tb_d_ff_rst -log elaborate.log"
Vivado Simulator 2020.2
Copyright 1986-1999, 2001-2020 Xilinx, Inc. All Rights Reserved.
Running: C:/Xilinx/Vivado/2020.2/bin/unwrapped/win64.o/xelab.exe -wto 2c6da18b59dd40a685da67fd480903c4 --incr --debug typical --relax --mt 2 -L xil_defaultlib -L secureip --snapshot tb_d_ff_rst_behav xil_defaultlib.tb_d_ff_rst -log elaborate.log 
Using 2 slave threads.
Starting static elaboration
Completed static elaboration
INFO: [XSIM 43-4323] No Change in HDL. Linking previously generated obj files to create kernel
INFO: [USF-XSim-69] 'elaborate' step finished in '1' seconds
INFO: [USF-XSim-4] XSim::Simulate design
INFO: [USF-XSim-61] Executing 'SIMULATE' step in 'C:/Documents/Labs/07-ffs/flip_flops/flip_flops.sim/sim_1/behav/xsim'
INFO: [USF-XSim-98] *** Running xsim
   with args "tb_d_ff_rst_behav -key {Behavioral:sim_1:Functional:tb_d_ff_rst} -tclbatch {tb_d_ff_rst.tcl} -view {C:/Documents/Labs/07-ffs/flip_flops/tb_d_latch_behav.wcfg} -log {simulate.log}"
INFO: [USF-XSim-8] Loading simulator feature
Vivado Simulator 2020.2
Time resolution is 1 ps
open_wave_config C:/Documents/Labs/07-ffs/flip_flops/tb_d_latch_behav.wcfg
source tb_d_ff_rst.tcl
# set curr_wave [current_wave_config]
# if { [string length $curr_wave] == 0 } {
#   if { [llength [get_objects]] > 0} {
#     add_wave /
#     set_property needs_save false [current_wave_config]
#   } else {
#      send_msg_id Add_Wave-1 WARNING "No top level signals found. Simulator will start without a wave window. If you want to open a wave window go to 'File->New Waveform Configuration' or type 'create_wave_config' in the TCL console."
#   }
# }
# run 400ns
Note: Stimulus process started
Time: 0 ps  Iteration: 0  Process: /tb_d_ff_rst/p_stimulus  File: C:/Documents/Labs/07-ffs/flip_flops/flip_flops.srcs/sources_1/new/tb_d_ff_rst.vhd
Note: Stimulus process finished
Time: 340 ns  Iteration: 0  Process: /tb_d_ff_rst/p_stimulus  File: C:/Documents/Labs/07-ffs/flip_flops/flip_flops.srcs/sources_1/new/tb_d_ff_rst.vhd
INFO: [USF-XSim-96] XSim completed. Design snapshot 'tb_d_ff_rst_behav' loaded.
INFO: [USF-XSim-97] XSim simulation ran for 400ns
save_wave_config {C:/Documents/Labs/07-ffs/flip_flops/tb_d_latch_behav.wcfg}
close_sim
INFO: [Simtcl 6-16] Simulation closed
set_property SOURCE_SET sources_1 [get_filesets sim_1]
close [ open C:/Documents/Labs/07-ffs/flip_flops/flip_flops.srcs/sim_1/new/tb_jk_ff_rst.vhd w ]
add_files -fileset sim_1 C:/Documents/Labs/07-ffs/flip_flops/flip_flops.srcs/sim_1/new/tb_jk_ff_rst.vhd
update_compile_order -fileset sim_1
set_property top tb_jk_ff_rst [get_filesets sim_1]
set_property top_lib xil_defaultlib [get_filesets sim_1]
update_compile_order -fileset sim_1
set_property top jk_ff_rst [current_fileset]
update_compile_order -fileset sources_1
launch_simulation
Command: launch_simulation 
INFO: [Vivado 12-5682] Launching behavioral simulation in 'C:/Documents/Labs/07-ffs/flip_flops/flip_flops.sim/sim_1/behav/xsim'
INFO: [SIM-utils-51] Simulation object is 'sim_1'
INFO: [SIM-utils-54] Inspecting design source files for 'tb_jk_ff_rst' in fileset 'sim_1'...
INFO: [USF-XSim-97] Finding global include files...
INFO: [USF-XSim-98] Fetching design files from 'sim_1'...
INFO: [USF-XSim-2] XSim::Compile design
INFO: [USF-XSim-61] Executing 'COMPILE and ANALYZE' step in 'C:/Documents/Labs/07-ffs/flip_flops/flip_flops.sim/sim_1/behav/xsim'
"xvhdl --incr --relax -prj tb_jk_ff_rst_vhdl.prj"
INFO: [VRFC 10-163] Analyzing VHDL file "C:/Documents/Labs/07-ffs/flip_flops/flip_flops.srcs/sources_1/new/jk_ff_rst.vhd" into library xil_defaultlib
INFO: [VRFC 10-3107] analyzing entity 'jk_ff_rst'
INFO: [VRFC 10-163] Analyzing VHDL file "C:/Documents/Labs/07-ffs/flip_flops/flip_flops.srcs/sim_1/new/tb_jk_ff_rst.vhd" into library xil_defaultlib
INFO: [VRFC 10-3107] analyzing entity 'tb_jk_ff_rst'
INFO: [USF-XSim-69] 'compile' step finished in '1' seconds
INFO: [USF-XSim-3] XSim::Elaborate design
INFO: [USF-XSim-61] Executing 'ELABORATE' step in 'C:/Documents/Labs/07-ffs/flip_flops/flip_flops.sim/sim_1/behav/xsim'
"xelab -wto 2c6da18b59dd40a685da67fd480903c4 --incr --debug typical --relax --mt 2 -L xil_defaultlib -L secureip --snapshot tb_jk_ff_rst_behav xil_defaultlib.tb_jk_ff_rst -log elaborate.log"
Vivado Simulator 2020.2
Copyright 1986-1999, 2001-2020 Xilinx, Inc. All Rights Reserved.
Running: C:/Xilinx/Vivado/2020.2/bin/unwrapped/win64.o/xelab.exe -wto 2c6da18b59dd40a685da67fd480903c4 --incr --debug typical --relax --mt 2 -L xil_defaultlib -L secureip --snapshot tb_jk_ff_rst_behav xil_defaultlib.tb_jk_ff_rst -log elaborate.log 
Using 2 slave threads.
Starting static elaboration
Completed static elaboration
Starting simulation data flow analysis
Completed simulation data flow analysis
Time Resolution for simulation is 1ps
Compiling package std.standard
Compiling package std.textio
Compiling package ieee.std_logic_1164
Compiling architecture behavioral of entity xil_defaultlib.jk_ff_rst [jk_ff_rst_default]
Compiling architecture behavioral of entity xil_defaultlib.tb_jk_ff_rst
Built simulation snapshot tb_jk_ff_rst_behav

****** Webtalk v2020.2 (64-bit)
  **** SW Build 3064766 on Wed Nov 18 09:12:45 MST 2020
  **** IP Build 3064653 on Wed Nov 18 14:17:31 MST 2020
    ** Copyright 1986-2020 Xilinx, Inc. All Rights Reserved.

source C:/Documents/Labs/07-ffs/flip_flops/flip_flops.sim/sim_1/behav/xsim/xsim.dir/tb_jk_ff_rst_behav/webtalk/xsim_webtalk.tcl -notrace
INFO: [Common 17-186] 'C:/Documents/Labs/07-ffs/flip_flops/flip_flops.sim/sim_1/behav/xsim/xsim.dir/tb_jk_ff_rst_behav/webtalk/usage_statistics_ext_xsim.xml' has been successfully sent to Xilinx on Tue Mar 30 17:29:52 2021. For additional details about this file, please refer to the WebTalk help file at C:/Xilinx/Vivado/2020.2/doc/webtalk_introduction.html.
INFO: [Common 17-206] Exiting Webtalk at Tue Mar 30 17:29:52 2021...
run_program: Time (s): cpu = 00:00:00 ; elapsed = 00:00:05 . Memory (MB): peak = 1194.438 ; gain = 0.000
INFO: [USF-XSim-69] 'elaborate' step finished in '5' seconds
INFO: [USF-XSim-4] XSim::Simulate design
INFO: [USF-XSim-61] Executing 'SIMULATE' step in 'C:/Documents/Labs/07-ffs/flip_flops/flip_flops.sim/sim_1/behav/xsim'
INFO: [USF-XSim-98] *** Running xsim
   with args "tb_jk_ff_rst_behav -key {Behavioral:sim_1:Functional:tb_jk_ff_rst} -tclbatch {tb_jk_ff_rst.tcl} -view {C:/Documents/Labs/07-ffs/flip_flops/tb_d_latch_behav.wcfg} -log {simulate.log}"
INFO: [USF-XSim-8] Loading simulator feature
Vivado Simulator 2020.2
Time resolution is 1 ps
open_wave_config C:/Documents/Labs/07-ffs/flip_flops/tb_d_latch_behav.wcfg
WARNING: Simulation object /tb_d_ff_rst/s_clk_100MHz was not found in the design.
WARNING: Simulation object /tb_d_ff_rst/s_rst was not found in the design.
WARNING: Simulation object /tb_d_ff_rst/s_d was not found in the design.
WARNING: Simulation object /tb_d_ff_rst/s_q was not found in the design.
WARNING: Simulation object /tb_d_ff_rst/s_q_bar was not found in the design.
source tb_jk_ff_rst.tcl
# set curr_wave [current_wave_config]
# if { [string length $curr_wave] == 0 } {
#   if { [llength [get_objects]] > 0} {
#     add_wave /
#     set_property needs_save false [current_wave_config]
#   } else {
#      send_msg_id Add_Wave-1 WARNING "No top level signals found. Simulator will start without a wave window. If you want to open a wave window go to 'File->New Waveform Configuration' or type 'create_wave_config' in the TCL console."
#   }
# }
# run 400ns
Note: Stimulus process started
Time: 0 ps  Iteration: 0  Process: /tb_jk_ff_rst/p_stimulus  File: C:/Documents/Labs/07-ffs/flip_flops/flip_flops.srcs/sim_1/new/tb_jk_ff_rst.vhd
Note: Stimulus process finished
Time: 400 ns  Iteration: 0  Process: /tb_jk_ff_rst/p_stimulus  File: C:/Documents/Labs/07-ffs/flip_flops/flip_flops.srcs/sim_1/new/tb_jk_ff_rst.vhd
INFO: [USF-XSim-96] XSim completed. Design snapshot 'tb_jk_ff_rst_behav' loaded.
INFO: [USF-XSim-97] XSim simulation ran for 400ns
launch_simulation: Time (s): cpu = 00:00:02 ; elapsed = 00:00:08 . Memory (MB): peak = 1194.438 ; gain = 0.000
save_wave_config {C:/Documents/Labs/07-ffs/flip_flops/tb_d_latch_behav.wcfg}
close_sim
INFO: [Simtcl 6-16] Simulation closed
close_sim: Time (s): cpu = 00:00:01 ; elapsed = 00:00:05 . Memory (MB): peak = 1194.438 ; gain = 0.000
launch_simulation
Command: launch_simulation 
INFO: [Vivado 12-5682] Launching behavioral simulation in 'C:/Documents/Labs/07-ffs/flip_flops/flip_flops.sim/sim_1/behav/xsim'
INFO: [SIM-utils-51] Simulation object is 'sim_1'
INFO: [SIM-utils-54] Inspecting design source files for 'tb_jk_ff_rst' in fileset 'sim_1'...
INFO: [USF-XSim-97] Finding global include files...
INFO: [USF-XSim-98] Fetching design files from 'sim_1'...
INFO: [USF-XSim-2] XSim::Compile design
INFO: [USF-XSim-61] Executing 'COMPILE and ANALYZE' step in 'C:/Documents/Labs/07-ffs/flip_flops/flip_flops.sim/sim_1/behav/xsim'
"xvhdl --incr --relax -prj tb_jk_ff_rst_vhdl.prj"
INFO: [USF-XSim-69] 'compile' step finished in '1' seconds
INFO: [USF-XSim-3] XSim::Elaborate design
INFO: [USF-XSim-61] Executing 'ELABORATE' step in 'C:/Documents/Labs/07-ffs/flip_flops/flip_flops.sim/sim_1/behav/xsim'
"xelab -wto 2c6da18b59dd40a685da67fd480903c4 --incr --debug typical --relax --mt 2 -L xil_defaultlib -L secureip --snapshot tb_jk_ff_rst_behav xil_defaultlib.tb_jk_ff_rst -log elaborate.log"
Vivado Simulator 2020.2
Copyright 1986-1999, 2001-2020 Xilinx, Inc. All Rights Reserved.
Running: C:/Xilinx/Vivado/2020.2/bin/unwrapped/win64.o/xelab.exe -wto 2c6da18b59dd40a685da67fd480903c4 --incr --debug typical --relax --mt 2 -L xil_defaultlib -L secureip --snapshot tb_jk_ff_rst_behav xil_defaultlib.tb_jk_ff_rst -log elaborate.log 
Using 2 slave threads.
Starting static elaboration
Completed static elaboration
INFO: [XSIM 43-4323] No Change in HDL. Linking previously generated obj files to create kernel
INFO: [USF-XSim-69] 'elaborate' step finished in '1' seconds
INFO: [USF-XSim-4] XSim::Simulate design
INFO: [USF-XSim-61] Executing 'SIMULATE' step in 'C:/Documents/Labs/07-ffs/flip_flops/flip_flops.sim/sim_1/behav/xsim'
INFO: [USF-XSim-98] *** Running xsim
   with args "tb_jk_ff_rst_behav -key {Behavioral:sim_1:Functional:tb_jk_ff_rst} -tclbatch {tb_jk_ff_rst.tcl} -view {C:/Documents/Labs/07-ffs/flip_flops/tb_d_latch_behav.wcfg} -log {simulate.log}"
INFO: [USF-XSim-8] Loading simulator feature
Vivado Simulator 2020.2
Time resolution is 1 ps
open_wave_config C:/Documents/Labs/07-ffs/flip_flops/tb_d_latch_behav.wcfg
source tb_jk_ff_rst.tcl
# set curr_wave [current_wave_config]
# if { [string length $curr_wave] == 0 } {
#   if { [llength [get_objects]] > 0} {
#     add_wave /
#     set_property needs_save false [current_wave_config]
#   } else {
#      send_msg_id Add_Wave-1 WARNING "No top level signals found. Simulator will start without a wave window. If you want to open a wave window go to 'File->New Waveform Configuration' or type 'create_wave_config' in the TCL console."
#   }
# }
# run 400ns
Note: Stimulus process started
Time: 0 ps  Iteration: 0  Process: /tb_jk_ff_rst/p_stimulus  File: C:/Documents/Labs/07-ffs/flip_flops/flip_flops.srcs/sim_1/new/tb_jk_ff_rst.vhd
Note: Stimulus process finished
Time: 400 ns  Iteration: 0  Process: /tb_jk_ff_rst/p_stimulus  File: C:/Documents/Labs/07-ffs/flip_flops/flip_flops.srcs/sim_1/new/tb_jk_ff_rst.vhd
INFO: [USF-XSim-96] XSim completed. Design snapshot 'tb_jk_ff_rst_behav' loaded.
INFO: [USF-XSim-97] XSim simulation ran for 400ns
close_sim
INFO: [Simtcl 6-16] Simulation closed
launch_simulation
Command: launch_simulation 
INFO: [Vivado 12-5682] Launching behavioral simulation in 'C:/Documents/Labs/07-ffs/flip_flops/flip_flops.sim/sim_1/behav/xsim'
INFO: [SIM-utils-51] Simulation object is 'sim_1'
INFO: [SIM-utils-54] Inspecting design source files for 'tb_jk_ff_rst' in fileset 'sim_1'...
INFO: [USF-XSim-97] Finding global include files...
INFO: [USF-XSim-98] Fetching design files from 'sim_1'...
INFO: [USF-XSim-2] XSim::Compile design
INFO: [USF-XSim-61] Executing 'COMPILE and ANALYZE' step in 'C:/Documents/Labs/07-ffs/flip_flops/flip_flops.sim/sim_1/behav/xsim'
"xvhdl --incr --relax -prj tb_jk_ff_rst_vhdl.prj"
INFO: [VRFC 10-163] Analyzing VHDL file "C:/Documents/Labs/07-ffs/flip_flops/flip_flops.srcs/sim_1/new/tb_jk_ff_rst.vhd" into library xil_defaultlib
INFO: [VRFC 10-3107] analyzing entity 'tb_jk_ff_rst'
INFO: [USF-XSim-69] 'compile' step finished in '1' seconds
INFO: [USF-XSim-3] XSim::Elaborate design
INFO: [USF-XSim-61] Executing 'ELABORATE' step in 'C:/Documents/Labs/07-ffs/flip_flops/flip_flops.sim/sim_1/behav/xsim'
"xelab -wto 2c6da18b59dd40a685da67fd480903c4 --incr --debug typical --relax --mt 2 -L xil_defaultlib -L secureip --snapshot tb_jk_ff_rst_behav xil_defaultlib.tb_jk_ff_rst -log elaborate.log"
Vivado Simulator 2020.2
Copyright 1986-1999, 2001-2020 Xilinx, Inc. All Rights Reserved.
Running: C:/Xilinx/Vivado/2020.2/bin/unwrapped/win64.o/xelab.exe -wto 2c6da18b59dd40a685da67fd480903c4 --incr --debug typical --relax --mt 2 -L xil_defaultlib -L secureip --snapshot tb_jk_ff_rst_behav xil_defaultlib.tb_jk_ff_rst -log elaborate.log 
Using 2 slave threads.
Starting static elaboration
Completed static elaboration
Starting simulation data flow analysis
Completed simulation data flow analysis
Time Resolution for simulation is 1ps
Compiling package std.standard
Compiling package std.textio
Compiling package ieee.std_logic_1164
Compiling architecture behavioral of entity xil_defaultlib.jk_ff_rst [jk_ff_rst_default]
Compiling architecture behavioral of entity xil_defaultlib.tb_jk_ff_rst
Built simulation snapshot tb_jk_ff_rst_behav
INFO: [USF-XSim-69] 'elaborate' step finished in '1' seconds
INFO: [USF-XSim-4] XSim::Simulate design
INFO: [USF-XSim-61] Executing 'SIMULATE' step in 'C:/Documents/Labs/07-ffs/flip_flops/flip_flops.sim/sim_1/behav/xsim'
INFO: [USF-XSim-98] *** Running xsim
   with args "tb_jk_ff_rst_behav -key {Behavioral:sim_1:Functional:tb_jk_ff_rst} -tclbatch {tb_jk_ff_rst.tcl} -view {C:/Documents/Labs/07-ffs/flip_flops/tb_d_latch_behav.wcfg} -log {simulate.log}"
INFO: [USF-XSim-8] Loading simulator feature
Vivado Simulator 2020.2
Time resolution is 1 ps
open_wave_config C:/Documents/Labs/07-ffs/flip_flops/tb_d_latch_behav.wcfg
source tb_jk_ff_rst.tcl
# set curr_wave [current_wave_config]
# if { [string length $curr_wave] == 0 } {
#   if { [llength [get_objects]] > 0} {
#     add_wave /
#     set_property needs_save false [current_wave_config]
#   } else {
#      send_msg_id Add_Wave-1 WARNING "No top level signals found. Simulator will start without a wave window. If you want to open a wave window go to 'File->New Waveform Configuration' or type 'create_wave_config' in the TCL console."
#   }
# }
# run 400ns
Note: Stimulus process started
Time: 0 ps  Iteration: 0  Process: /tb_jk_ff_rst/p_stimulus  File: C:/Documents/Labs/07-ffs/flip_flops/flip_flops.srcs/sim_1/new/tb_jk_ff_rst.vhd
Note: Stimulus process finished
Time: 400 ns  Iteration: 0  Process: /tb_jk_ff_rst/p_stimulus  File: C:/Documents/Labs/07-ffs/flip_flops/flip_flops.srcs/sim_1/new/tb_jk_ff_rst.vhd
INFO: [USF-XSim-96] XSim completed. Design snapshot 'tb_jk_ff_rst_behav' loaded.
INFO: [USF-XSim-97] XSim simulation ran for 400ns
save_wave_config {C:/Documents/Labs/07-ffs/flip_flops/tb_d_latch_behav.wcfg}
close_sim
INFO: [Simtcl 6-16] Simulation closed
set_property SOURCE_SET sources_1 [get_filesets sim_1]
close [ open C:/Documents/Labs/07-ffs/flip_flops/flip_flops.srcs/sim_1/new/tb_t_rst.vhd w ]
add_files -fileset sim_1 C:/Documents/Labs/07-ffs/flip_flops/flip_flops.srcs/sim_1/new/tb_t_rst.vhd
update_compile_order -fileset sim_1
set_property top tb_t_ff_rst [get_filesets sim_1]
set_property top_lib xil_defaultlib [get_filesets sim_1]
update_compile_order -fileset sim_1
set_property top t_ff_rst [current_fileset]
update_compile_order -fileset sources_1
launch_simulation
Command: launch_simulation 
INFO: [Vivado 12-5682] Launching behavioral simulation in 'C:/Documents/Labs/07-ffs/flip_flops/flip_flops.sim/sim_1/behav/xsim'
INFO: [SIM-utils-51] Simulation object is 'sim_1'
INFO: [SIM-utils-54] Inspecting design source files for 'tb_t_ff_rst' in fileset 'sim_1'...
INFO: [USF-XSim-97] Finding global include files...
INFO: [USF-XSim-98] Fetching design files from 'sim_1'...
INFO: [USF-XSim-2] XSim::Compile design
INFO: [USF-XSim-61] Executing 'COMPILE and ANALYZE' step in 'C:/Documents/Labs/07-ffs/flip_flops/flip_flops.sim/sim_1/behav/xsim'
"xvhdl --incr --relax -prj tb_t_ff_rst_vhdl.prj"
INFO: [VRFC 10-163] Analyzing VHDL file "C:/Documents/Labs/07-ffs/flip_flops/flip_flops.srcs/sources_1/new/t_ff_rst.vhd" into library xil_defaultlib
INFO: [VRFC 10-3107] analyzing entity 't_ff_rst'
INFO: [VRFC 10-163] Analyzing VHDL file "C:/Documents/Labs/07-ffs/flip_flops/flip_flops.srcs/sim_1/new/tb_t_rst.vhd" into library xil_defaultlib
INFO: [VRFC 10-3107] analyzing entity 'tb_t_ff_rst'
INFO: [USF-XSim-69] 'compile' step finished in '1' seconds
INFO: [USF-XSim-3] XSim::Elaborate design
INFO: [USF-XSim-61] Executing 'ELABORATE' step in 'C:/Documents/Labs/07-ffs/flip_flops/flip_flops.sim/sim_1/behav/xsim'
"xelab -wto 2c6da18b59dd40a685da67fd480903c4 --incr --debug typical --relax --mt 2 -L xil_defaultlib -L secureip --snapshot tb_t_ff_rst_behav xil_defaultlib.tb_t_ff_rst -log elaborate.log"
Vivado Simulator 2020.2
Copyright 1986-1999, 2001-2020 Xilinx, Inc. All Rights Reserved.
Running: C:/Xilinx/Vivado/2020.2/bin/unwrapped/win64.o/xelab.exe -wto 2c6da18b59dd40a685da67fd480903c4 --incr --debug typical --relax --mt 2 -L xil_defaultlib -L secureip --snapshot tb_t_ff_rst_behav xil_defaultlib.tb_t_ff_rst -log elaborate.log 
Using 2 slave threads.
Starting static elaboration
Completed static elaboration
Starting simulation data flow analysis
Completed simulation data flow analysis
Time Resolution for simulation is 1ps
Compiling package std.standard
Compiling package std.textio
Compiling package ieee.std_logic_1164
Compiling architecture behavioral of entity xil_defaultlib.t_ff_rst [t_ff_rst_default]
Compiling architecture behavioral of entity xil_defaultlib.tb_t_ff_rst
Built simulation snapshot tb_t_ff_rst_behav

****** Webtalk v2020.2 (64-bit)
  **** SW Build 3064766 on Wed Nov 18 09:12:45 MST 2020
  **** IP Build 3064653 on Wed Nov 18 14:17:31 MST 2020
    ** Copyright 1986-2020 Xilinx, Inc. All Rights Reserved.

source C:/Documents/Labs/07-ffs/flip_flops/flip_flops.sim/sim_1/behav/xsim/xsim.dir/tb_t_ff_rst_behav/webtalk/xsim_webtalk.tcl -notrace
INFO: [Common 17-186] 'C:/Documents/Labs/07-ffs/flip_flops/flip_flops.sim/sim_1/behav/xsim/xsim.dir/tb_t_ff_rst_behav/webtalk/usage_statistics_ext_xsim.xml' has been successfully sent to Xilinx on Tue Mar 30 17:48:48 2021. For additional details about this file, please refer to the WebTalk help file at C:/Xilinx/Vivado/2020.2/doc/webtalk_introduction.html.
INFO: [Common 17-206] Exiting Webtalk at Tue Mar 30 17:48:48 2021...
run_program: Time (s): cpu = 00:00:00 ; elapsed = 00:00:05 . Memory (MB): peak = 1194.438 ; gain = 0.000
INFO: [USF-XSim-69] 'elaborate' step finished in '6' seconds
INFO: [USF-XSim-4] XSim::Simulate design
INFO: [USF-XSim-61] Executing 'SIMULATE' step in 'C:/Documents/Labs/07-ffs/flip_flops/flip_flops.sim/sim_1/behav/xsim'
INFO: [USF-XSim-98] *** Running xsim
   with args "tb_t_ff_rst_behav -key {Behavioral:sim_1:Functional:tb_t_ff_rst} -tclbatch {tb_t_ff_rst.tcl} -view {C:/Documents/Labs/07-ffs/flip_flops/tb_d_latch_behav.wcfg} -log {simulate.log}"
INFO: [USF-XSim-8] Loading simulator feature
Vivado Simulator 2020.2
Time resolution is 1 ps
open_wave_config C:/Documents/Labs/07-ffs/flip_flops/tb_d_latch_behav.wcfg
WARNING: Simulation object /tb_jk_ff_rst/s_clk_100MHz was not found in the design.
WARNING: Simulation object /tb_jk_ff_rst/s_rst was not found in the design.
WARNING: Simulation object /tb_jk_ff_rst/s_j was not found in the design.
WARNING: Simulation object /tb_jk_ff_rst/s_k was not found in the design.
WARNING: Simulation object /tb_jk_ff_rst/s_q was not found in the design.
WARNING: Simulation object /tb_jk_ff_rst/s_q_bar was not found in the design.
source tb_t_ff_rst.tcl
# set curr_wave [current_wave_config]
# if { [string length $curr_wave] == 0 } {
#   if { [llength [get_objects]] > 0} {
#     add_wave /
#     set_property needs_save false [current_wave_config]
#   } else {
#      send_msg_id Add_Wave-1 WARNING "No top level signals found. Simulator will start without a wave window. If you want to open a wave window go to 'File->New Waveform Configuration' or type 'create_wave_config' in the TCL console."
#   }
# }
# run 400ns
Note: Stimulus process started
Time: 0 ps  Iteration: 0  Process: /tb_t_ff_rst/p_stimulus  File: C:/Documents/Labs/07-ffs/flip_flops/flip_flops.srcs/sim_1/new/tb_t_rst.vhd
INFO: [USF-XSim-96] XSim completed. Design snapshot 'tb_t_ff_rst_behav' loaded.
INFO: [USF-XSim-97] XSim simulation ran for 400ns
launch_simulation: Time (s): cpu = 00:00:02 ; elapsed = 00:00:08 . Memory (MB): peak = 1194.438 ; gain = 0.000
save_wave_config {C:/Documents/Labs/07-ffs/flip_flops/tb_d_latch_behav.wcfg}
close_sim
INFO: [Simtcl 6-16] Simulation closed
close_sim: Time (s): cpu = 00:00:00 ; elapsed = 00:00:06 . Memory (MB): peak = 1194.438 ; gain = 0.000
launch_simulation
Command: launch_simulation 
INFO: [Vivado 12-5682] Launching behavioral simulation in 'C:/Documents/Labs/07-ffs/flip_flops/flip_flops.sim/sim_1/behav/xsim'
INFO: [SIM-utils-51] Simulation object is 'sim_1'
INFO: [SIM-utils-54] Inspecting design source files for 'tb_t_ff_rst' in fileset 'sim_1'...
INFO: [USF-XSim-97] Finding global include files...
INFO: [USF-XSim-98] Fetching design files from 'sim_1'...
INFO: [USF-XSim-2] XSim::Compile design
INFO: [USF-XSim-61] Executing 'COMPILE and ANALYZE' step in 'C:/Documents/Labs/07-ffs/flip_flops/flip_flops.sim/sim_1/behav/xsim'
"xvhdl --incr --relax -prj tb_t_ff_rst_vhdl.prj"
INFO: [USF-XSim-69] 'compile' step finished in '1' seconds
INFO: [USF-XSim-3] XSim::Elaborate design
INFO: [USF-XSim-61] Executing 'ELABORATE' step in 'C:/Documents/Labs/07-ffs/flip_flops/flip_flops.sim/sim_1/behav/xsim'
"xelab -wto 2c6da18b59dd40a685da67fd480903c4 --incr --debug typical --relax --mt 2 -L xil_defaultlib -L secureip --snapshot tb_t_ff_rst_behav xil_defaultlib.tb_t_ff_rst -log elaborate.log"
Vivado Simulator 2020.2
Copyright 1986-1999, 2001-2020 Xilinx, Inc. All Rights Reserved.
Running: C:/Xilinx/Vivado/2020.2/bin/unwrapped/win64.o/xelab.exe -wto 2c6da18b59dd40a685da67fd480903c4 --incr --debug typical --relax --mt 2 -L xil_defaultlib -L secureip --snapshot tb_t_ff_rst_behav xil_defaultlib.tb_t_ff_rst -log elaborate.log 
Using 2 slave threads.
Starting static elaboration
Completed static elaboration
INFO: [XSIM 43-4323] No Change in HDL. Linking previously generated obj files to create kernel
INFO: [USF-XSim-69] 'elaborate' step finished in '1' seconds
INFO: [USF-XSim-4] XSim::Simulate design
INFO: [USF-XSim-61] Executing 'SIMULATE' step in 'C:/Documents/Labs/07-ffs/flip_flops/flip_flops.sim/sim_1/behav/xsim'
INFO: [USF-XSim-98] *** Running xsim
   with args "tb_t_ff_rst_behav -key {Behavioral:sim_1:Functional:tb_t_ff_rst} -tclbatch {tb_t_ff_rst.tcl} -view {C:/Documents/Labs/07-ffs/flip_flops/tb_d_latch_behav.wcfg} -log {simulate.log}"
INFO: [USF-XSim-8] Loading simulator feature
Vivado Simulator 2020.2
Time resolution is 1 ps
open_wave_config C:/Documents/Labs/07-ffs/flip_flops/tb_d_latch_behav.wcfg
source tb_t_ff_rst.tcl
# set curr_wave [current_wave_config]
# if { [string length $curr_wave] == 0 } {
#   if { [llength [get_objects]] > 0} {
#     add_wave /
#     set_property needs_save false [current_wave_config]
#   } else {
#      send_msg_id Add_Wave-1 WARNING "No top level signals found. Simulator will start without a wave window. If you want to open a wave window go to 'File->New Waveform Configuration' or type 'create_wave_config' in the TCL console."
#   }
# }
# run 400ns
Note: Stimulus process started
Time: 0 ps  Iteration: 0  Process: /tb_t_ff_rst/p_stimulus  File: C:/Documents/Labs/07-ffs/flip_flops/flip_flops.srcs/sim_1/new/tb_t_rst.vhd
INFO: [USF-XSim-96] XSim completed. Design snapshot 'tb_t_ff_rst_behav' loaded.
INFO: [USF-XSim-97] XSim simulation ran for 400ns
save_wave_config {C:/Documents/Labs/07-ffs/flip_flops/tb_d_latch_behav.wcfg}
close_sim
INFO: [Simtcl 6-16] Simulation closed
exit
INFO: [Common 17-206] Exiting Vivado at Tue Mar 30 18:22:58 2021...
