#-----------------------------------------------------------
# Vivado v2020.2 (64-bit)
# SW Build 3064766 on Wed Nov 18 09:12:45 MST 2020
# IP Build 3064653 on Wed Nov 18 14:17:31 MST 2020
# Start of session at: Tue Mar 30 18:27:42 2021
# Process ID: 12400
# Current directory: C:/Documents/Labs/07-ffs/flip_flops
# Command line: vivado.exe -gui_launcher_event rodinguilauncherevent20336 C:\Documents\Labs\07-ffs\flip_flops\flip_flops.xpr
# Log file: C:/Documents/Labs/07-ffs/flip_flops/vivado.log
# Journal file: C:/Documents/Labs/07-ffs/flip_flops\vivado.jou
#-----------------------------------------------------------
start_gui
open_project C:/Documents/Labs/07-ffs/flip_flops/flip_flops.xpr
WARNING: [filemgmt 56-3] Default IP Output Path : Could not find the directory 'C:/Documents/Labs/07-ffs/flip_flops/flip_flops.gen/sources_1'.
CRITICAL WARNING: [Project 1-19] Could not find the file 'C:/Documents/Labs/07-ffs/flip_flops/flip_flops.srcs/sources_1/new/tb_d_ff_rst.vhd'.
CRITICAL WARNING: [Project 1-19] Could not find the file 'C:/Documents/Labs/07-ffs/flip_flops/flip_flops.srcs/sources_1/new/tb_d_ff_arst.vhd'.
Scanning sources...
Finished scanning sources
INFO: [IP_Flow 19-234] Refreshing IP repositories
INFO: [IP_Flow 19-1704] No user IP repositories specified
INFO: [IP_Flow 19-2313] Loaded Vivado IP repository 'C:/Xilinx/Vivado/2020.2/data/ip'.
update_compile_order -fileset sources_1
reset_property NAME [get_files C:/Documents/Labs/07-ffs/flip_flops/flip_flops.srcs/sources_1/new/tb_d_ff_rst.vhd]
ERROR: [Common 17-107] Cannot change read-only property 'NAME'.
Resolution: Please refer to Vivado Properties Reference Guide (UG912) for more information on setting properties.
export_ip_user_files -of_objects  [get_files C:/Documents/Labs/07-ffs/flip_flops/flip_flops.srcs/sources_1/new/tb_d_ff_arst.vhd] -no_script -reset -force -quiet
remove_files  -fileset sim_1 C:/Documents/Labs/07-ffs/flip_flops/flip_flops.srcs/sources_1/new/tb_d_ff_arst.vhd
export_ip_user_files -of_objects  [get_files C:/Documents/Labs/07-ffs/flip_flops/flip_flops.srcs/sources_1/new/tb_d_ff_rst.vhd] -no_script -reset -force -quiet
remove_files  C:/Documents/Labs/07-ffs/flip_flops/flip_flops.srcs/sources_1/new/tb_d_ff_rst.vhd
set_property SOURCE_SET sources_1 [get_filesets sim_1]
add_files -fileset sim_1 -norecurse C:/Documents/Labs/07-ffs/flip_flops/flip_flops.srcs/sim_1/new/tb_d_ff_rst.vhd
update_compile_order -fileset sim_1
set_property SOURCE_SET sources_1 [get_filesets sim_1]
add_files -fileset sim_1 -norecurse C:/Documents/Labs/07-ffs/flip_flops/flip_flops.srcs/sim_1/new/tb_d_ff_arst.vhd
update_compile_order -fileset sim_1
exit
INFO: [Common 17-206] Exiting Vivado at Tue Mar 30 18:39:19 2021...
